[debug] > Exec(run, None, None)
[debug] Evaluating tasks: Compile / run
[debug] Running task... Cancel: Signal, check cycles: false, forcegc: true
[info] compiling 2 Scala sources to C:\Users\vilia\IdeaProjects\untitled1\target\scala-2.13\classes ...
[info] done compiling
[error] java.lang.ClassNotFoundException: ApiUser.AkkaHttp
[error] 	at java.base/java.net.URLClassLoader.findClass(URLClassLoader.java:476)
[error] 	at sbt.internal.ManagedClassLoader.findClass(ManagedClassLoader.java:102)
[error] 	at java.base/java.lang.ClassLoader.loadClass(ClassLoader.java:589)
[error] 	at java.base/java.lang.ClassLoader.loadClass(ClassLoader.java:522)
[error] 	at java.base/java.lang.Class.forName0(Native Method)
[error] 	at java.base/java.lang.Class.forName(Class.java:398)
[error] 	at sbt.Run.getMainMethod(Run.scala:160)
[error] 	at sbt.Run.execute$1(Run.scala:92)
[error] 	at sbt.Run.$anonfun$runWithLoader$5(Run.scala:120)
[error] 	at sbt.Run$.executeSuccess(Run.scala:186)
[error] 	at sbt.Run.runWithLoader(Run.scala:120)
[error] 	at sbt.Defaults$.$anonfun$bgRunTask$6(Defaults.scala:1980)
[error] 	at sbt.Defaults$.$anonfun$termWrapper$2(Defaults.scala:1919)
[error] 	at scala.runtime.java8.JFunction0$mcV$sp.apply(JFunction0$mcV$sp.java:23)
[error] 	at scala.util.Try$.apply(Try.scala:213)
[error] 	at sbt.internal.BackgroundThreadPool$BackgroundRunnable.run(DefaultBackgroundJobService.scala:366)
[error] 	at java.base/java.util.concurrent.ThreadPoolExecutor.runWorker(ThreadPoolExecutor.java:1128)
[error] 	at java.base/java.util.concurrent.ThreadPoolExecutor$Worker.run(ThreadPoolExecutor.java:628)
[error] 	at java.base/java.lang.Thread.run(Thread.java:829)
[error] (Compile / run) java.lang.ClassNotFoundException: ApiUser.AkkaHttp
[error] Total time: 24 s, completed Mar 7, 2023, 9:02:51 PM
[debug] > Exec(idea-shell, None, None)
[debug] > Exec(, None, None)
[debug] > Exec(idea-shell, None, None)
